The system is: Linux - 3.10.0-1160.62.1.el7.x86_64 - x86_64
Compiling the C compiler identification source file "CMakeCCompilerId.c" succeeded.
Compiler: /opt/rh/devtoolset-11/root/usr/bin/cc 
Build flags: 
Id flags: 

The output was:
0


Compilation of the C compiler identification source "CMakeCCompilerId.c" produced "a.out"

The C compiler identification is GNU, found in "/home/sjw/mrpc/build/CMakeFiles/3.6.2/CompilerIdC/a.out"

Compiling the CXX compiler identification source file "CMakeCXXCompilerId.cpp" succeeded.
Compiler: /opt/rh/devtoolset-11/root/usr/bin/c++ 
Build flags: 
Id flags: 

The output was:
0


Compilation of the CXX compiler identification source "CMakeCXXCompilerId.cpp" produced "a.out"

The CXX compiler identification is GNU, found in "/home/sjw/mrpc/build/CMakeFiles/3.6.2/CompilerIdCXX/a.out"

Determining if the C compiler works passed with the following output:
Change Dir: /home/sjw/mrpc/build/CMakeFiles/CMakeTmp

Run Build Command:"/opt/rh/devtoolset-11/root/usr/bin/gmake" "cmTC_0cf17/fast"
/opt/rh/devtoolset-11/root/usr/bin/gmake -f CMakeFiles/cmTC_0cf17.dir/build.make CMakeFiles/cmTC_0cf17.dir/build
gmake[1]: Entering directory '/home/sjw/mrpc/build/CMakeFiles/CMakeTmp'
Building C object CMakeFiles/cmTC_0cf17.dir/testCCompiler.c.o
/opt/rh/devtoolset-11/root/usr/bin/cc     -o CMakeFiles/cmTC_0cf17.dir/testCCompiler.c.o   -c /home/sjw/mrpc/build/CMakeFiles/CMakeTmp/testCCompiler.c
Linking C executable cmTC_0cf17
/usr/local/bin/cmake -E cmake_link_script CMakeFiles/cmTC_0cf17.dir/link.txt --verbose=1
/opt/rh/devtoolset-11/root/usr/bin/cc       CMakeFiles/cmTC_0cf17.dir/testCCompiler.c.o  -o cmTC_0cf17 -rdynamic 
gmake[1]: Leaving directory '/home/sjw/mrpc/build/CMakeFiles/CMakeTmp'


Detecting C compiler ABI info compiled with the following output:
Change Dir: /home/sjw/mrpc/build/CMakeFiles/CMakeTmp

Run Build Command:"/opt/rh/devtoolset-11/root/usr/bin/gmake" "cmTC_2ce1b/fast"
/opt/rh/devtoolset-11/root/usr/bin/gmake -f CMakeFiles/cmTC_2ce1b.dir/build.make CMakeFiles/cmTC_2ce1b.dir/build
gmake[1]: Entering directory '/home/sjw/mrpc/build/CMakeFiles/CMakeTmp'
Building C object CMakeFiles/cmTC_2ce1b.dir/CMakeCCompilerABI.c.o
/opt/rh/devtoolset-11/root/usr/bin/cc     -o CMakeFiles/cmTC_2ce1b.dir/CMakeCCompilerABI.c.o   -c /usr/local/share/cmake-3.6/Modules/CMakeCCompilerABI.c
Linking C executable cmTC_2ce1b
/usr/local/bin/cmake -E cmake_link_script CMakeFiles/cmTC_2ce1b.dir/link.txt --verbose=1
/opt/rh/devtoolset-11/root/usr/bin/cc      -v CMakeFiles/cmTC_2ce1b.dir/CMakeCCompilerABI.c.o  -o cmTC_2ce1b -rdynamic  
Using built-in specs.
COLLECT_GCC=/opt/rh/devtoolset-11/root/usr/bin/cc
COLLECT_LTO_WRAPPER=/opt/rh/devtoolset-11/root/usr/libexec/gcc/x86_64-redhat-linux/11/lto-wrapper
Target: x86_64-redhat-linux
Configured with: ../configure --enable-bootstrap --enable-languages=c,c++,fortran,lto --prefix=/opt/rh/devtoolset-11/root/usr --mandir=/opt/rh/devtoolset-11/root/usr/share/man --infodir=/opt/rh/devtoolset-11/root/usr/share/info --with-bugurl=http://bugzilla.redhat.com/bugzilla --enable-shared --enable-threads=posix --enable-checking=release --enable-multilib --with-system-zlib --enable-__cxa_atexit --disable-libunwind-exceptions --enable-gnu-unique-object --enable-linker-build-id --with-gcc-major-version-only --with-linker-hash-style=gnu --with-default-libstdcxx-abi=gcc4-compatible --enable-plugin --enable-initfini-array --with-isl=/builddir/build/BUILD/gcc-11.2.1-20220127/obj-x86_64-redhat-linux/isl-install --enable-gnu-indirect-function --with-tune=generic --with-arch_32=x86-64 --build=x86_64-redhat-linux
Thread model: posix
Supported LTO compression algorithms: zlib
gcc version 11.2.1 20220127 (Red Hat 11.2.1-9) (GCC) 
COMPILER_PATH=/opt/rh/devtoolset-11/root/usr/libexec/gcc/x86_64-redhat-linux/11/:/opt/rh/devtoolset-11/root/usr/libexec/gcc/x86_64-redhat-linux/11/:/opt/rh/devtoolset-11/root/usr/libexec/gcc/x86_64-redhat-linux/:/opt/rh/devtoolset-11/root/usr/lib/gcc/x86_64-redhat-linux/11/:/opt/rh/devtoolset-11/root/usr/lib/gcc/x86_64-redhat-linux/
LIBRARY_PATH=/opt/rh/devtoolset-11/root/usr/lib/gcc/x86_64-redhat-linux/11/:/opt/rh/devtoolset-11/root/usr/lib/gcc/x86_64-redhat-linux/11/../../../../lib64/:/lib/../lib64/:/usr/lib/../lib64/:/opt/rh/devtoolset-11/root/usr/lib/gcc/x86_64-redhat-linux/11/../../../:/lib/:/usr/lib/
COLLECT_GCC_OPTIONS='-v' '-o' 'cmTC_2ce1b' '-rdynamic' '-mtune=generic' '-march=x86-64' '-dumpdir' 'cmTC_2ce1b.'
 /opt/rh/devtoolset-11/root/usr/libexec/gcc/x86_64-redhat-linux/11/collect2 -plugin /opt/rh/devtoolset-11/root/usr/libexec/gcc/x86_64-redhat-linux/11/liblto_plugin.so -plugin-opt=/opt/rh/devtoolset-11/root/usr/libexec/gcc/x86_64-redhat-linux/11/lto-wrapper -plugin-opt=-fresolution=/tmp/ccZdk6yH.res -plugin-opt=-pass-through=-lgcc -plugin-opt=-pass-through=-lgcc_s -plugin-opt=-pass-through=-lc -plugin-opt=-pass-through=-lgcc -plugin-opt=-pass-through=-lgcc_s --build-id --no-add-needed --eh-frame-hdr --hash-style=gnu -m elf_x86_64 -export-dynamic -dynamic-linker /lib64/ld-linux-x86-64.so.2 -o cmTC_2ce1b /lib/../lib64/crt1.o /lib/../lib64/crti.o /opt/rh/devtoolset-11/root/usr/lib/gcc/x86_64-redhat-linux/11/crtbegin.o -L/opt/rh/devtoolset-11/root/usr/lib/gcc/x86_64-redhat-linux/11 -L/opt/rh/devtoolset-11/root/usr/lib/gcc/x86_64-redhat-linux/11/../../../../lib64 -L/lib/../lib64 -L/usr/lib/../lib64 -L/opt/rh/devtoolset-11/root/usr/lib/gcc/x86_64-redhat-linux/11/../../.. CMakeFiles/cmTC_2ce1b.dir/CMakeCCompilerABI.c.o -lgcc --push-state --as-needed -lgcc_s --pop-state -lc -lgcc --push-state --as-needed -lgcc_s --pop-state /opt/rh/devtoolset-11/root/usr/lib/gcc/x86_64-redhat-linux/11/crtend.o /lib/../lib64/crtn.o
COLLECT_GCC_OPTIONS='-v' '-o' 'cmTC_2ce1b' '-rdynamic' '-mtune=generic' '-march=x86-64' '-dumpdir' 'cmTC_2ce1b.'
gmake[1]: Leaving directory '/home/sjw/mrpc/build/CMakeFiles/CMakeTmp'


Parsed C implicit link information from above output:
  link line regex: [^( *|.*[/\])(ld|([^/\]+-)?ld|collect2)[^/\]*( |$)]
  ignore line: [Change Dir: /home/sjw/mrpc/build/CMakeFiles/CMakeTmp]
  ignore line: []
  ignore line: [Run Build Command:"/opt/rh/devtoolset-11/root/usr/bin/gmake" "cmTC_2ce1b/fast"]
  ignore line: [/opt/rh/devtoolset-11/root/usr/bin/gmake -f CMakeFiles/cmTC_2ce1b.dir/build.make CMakeFiles/cmTC_2ce1b.dir/build]
  ignore line: [gmake[1]: Entering directory '/home/sjw/mrpc/build/CMakeFiles/CMakeTmp']
  ignore line: [Building C object CMakeFiles/cmTC_2ce1b.dir/CMakeCCompilerABI.c.o]
  ignore line: [/opt/rh/devtoolset-11/root/usr/bin/cc     -o CMakeFiles/cmTC_2ce1b.dir/CMakeCCompilerABI.c.o   -c /usr/local/share/cmake-3.6/Modules/CMakeCCompilerABI.c]
  ignore line: [Linking C executable cmTC_2ce1b]
  ignore line: [/usr/local/bin/cmake -E cmake_link_script CMakeFiles/cmTC_2ce1b.dir/link.txt --verbose=1]
  ignore line: [/opt/rh/devtoolset-11/root/usr/bin/cc      -v CMakeFiles/cmTC_2ce1b.dir/CMakeCCompilerABI.c.o  -o cmTC_2ce1b -rdynamic  ]
  ignore line: [Using built-in specs.]
  ignore line: [COLLECT_GCC=/opt/rh/devtoolset-11/root/usr/bin/cc]
  ignore line: [COLLECT_LTO_WRAPPER=/opt/rh/devtoolset-11/root/usr/libexec/gcc/x86_64-redhat-linux/11/lto-wrapper]
  ignore line: [Target: x86_64-redhat-linux]
  ignore line: [Configured with: ../configure --enable-bootstrap --enable-languages=c,c++,fortran,lto --prefix=/opt/rh/devtoolset-11/root/usr --mandir=/opt/rh/devtoolset-11/root/usr/share/man --infodir=/opt/rh/devtoolset-11/root/usr/share/info --with-bugurl=http://bugzilla.redhat.com/bugzilla --enable-shared --enable-threads=posix --enable-checking=release --enable-multilib --with-system-zlib --enable-__cxa_atexit --disable-libunwind-exceptions --enable-gnu-unique-object --enable-linker-build-id --with-gcc-major-version-only --with-linker-hash-style=gnu --with-default-libstdcxx-abi=gcc4-compatible --enable-plugin --enable-initfini-array --with-isl=/builddir/build/BUILD/gcc-11.2.1-20220127/obj-x86_64-redhat-linux/isl-install --enable-gnu-indirect-function --with-tune=generic --with-arch_32=x86-64 --build=x86_64-redhat-linux]
  ignore line: [Thread model: posix]
  ignore line: [Supported LTO compression algorithms: zlib]
  ignore line: [gcc version 11.2.1 20220127 (Red Hat 11.2.1-9) (GCC) ]
  ignore line: [COMPILER_PATH=/opt/rh/devtoolset-11/root/usr/libexec/gcc/x86_64-redhat-linux/11/:/opt/rh/devtoolset-11/root/usr/libexec/gcc/x86_64-redhat-linux/11/:/opt/rh/devtoolset-11/root/usr/libexec/gcc/x86_64-redhat-linux/:/opt/rh/devtoolset-11/root/usr/lib/gcc/x86_64-redhat-linux/11/:/opt/rh/devtoolset-11/root/usr/lib/gcc/x86_64-redhat-linux/]
  ignore line: [LIBRARY_PATH=/opt/rh/devtoolset-11/root/usr/lib/gcc/x86_64-redhat-linux/11/:/opt/rh/devtoolset-11/root/usr/lib/gcc/x86_64-redhat-linux/11/../../../../lib64/:/lib/../lib64/:/usr/lib/../lib64/:/opt/rh/devtoolset-11/root/usr/lib/gcc/x86_64-redhat-linux/11/../../../:/lib/:/usr/lib/]
  ignore line: [COLLECT_GCC_OPTIONS='-v' '-o' 'cmTC_2ce1b' '-rdynamic' '-mtune=generic' '-march=x86-64' '-dumpdir' 'cmTC_2ce1b.']
  link line: [ /opt/rh/devtoolset-11/root/usr/libexec/gcc/x86_64-redhat-linux/11/collect2 -plugin /opt/rh/devtoolset-11/root/usr/libexec/gcc/x86_64-redhat-linux/11/liblto_plugin.so -plugin-opt=/opt/rh/devtoolset-11/root/usr/libexec/gcc/x86_64-redhat-linux/11/lto-wrapper -plugin-opt=-fresolution=/tmp/ccZdk6yH.res -plugin-opt=-pass-through=-lgcc -plugin-opt=-pass-through=-lgcc_s -plugin-opt=-pass-through=-lc -plugin-opt=-pass-through=-lgcc -plugin-opt=-pass-through=-lgcc_s --build-id --no-add-needed --eh-frame-hdr --hash-style=gnu -m elf_x86_64 -export-dynamic -dynamic-linker /lib64/ld-linux-x86-64.so.2 -o cmTC_2ce1b /lib/../lib64/crt1.o /lib/../lib64/crti.o /opt/rh/devtoolset-11/root/usr/lib/gcc/x86_64-redhat-linux/11/crtbegin.o -L/opt/rh/devtoolset-11/root/usr/lib/gcc/x86_64-redhat-linux/11 -L/opt/rh/devtoolset-11/root/usr/lib/gcc/x86_64-redhat-linux/11/../../../../lib64 -L/lib/../lib64 -L/usr/lib/../lib64 -L/opt/rh/devtoolset-11/root/usr/lib/gcc/x86_64-redhat-linux/11/../../.. CMakeFiles/cmTC_2ce1b.dir/CMakeCCompilerABI.c.o -lgcc --push-state --as-needed -lgcc_s --pop-state -lc -lgcc --push-state --as-needed -lgcc_s --pop-state /opt/rh/devtoolset-11/root/usr/lib/gcc/x86_64-redhat-linux/11/crtend.o /lib/../lib64/crtn.o]
    arg [/opt/rh/devtoolset-11/root/usr/libexec/gcc/x86_64-redhat-linux/11/collect2] ==> ignore
    arg [-plugin] ==> ignore
    arg [/opt/rh/devtoolset-11/root/usr/libexec/gcc/x86_64-redhat-linux/11/liblto_plugin.so] ==> ignore
    arg [-plugin-opt=/opt/rh/devtoolset-11/root/usr/libexec/gcc/x86_64-redhat-linux/11/lto-wrapper] ==> ignore
    arg [-plugin-opt=-fresolution=/tmp/ccZdk6yH.res] ==> ignore
    arg [-plugin-opt=-pass-through=-lgcc] ==> ignore
    arg [-plugin-opt=-pass-through=-lgcc_s] ==> ignore
    arg [-plugin-opt=-pass-through=-lc] ==> ignore
    arg [-plugin-opt=-pass-through=-lgcc] ==> ignore
    arg [-plugin-opt=-pass-through=-lgcc_s] ==> ignore
    arg [--build-id] ==> ignore
    arg [--no-add-needed] ==> ignore
    arg [--eh-frame-hdr] ==> ignore
    arg [--hash-style=gnu] ==> ignore
    arg [-m] ==> ignore
    arg [elf_x86_64] ==> ignore
    arg [-export-dynamic] ==> ignore
    arg [-dynamic-linker] ==> ignore
    arg [/lib64/ld-linux-x86-64.so.2] ==> ignore
    arg [-o] ==> ignore
    arg [cmTC_2ce1b] ==> ignore
    arg [/lib/../lib64/crt1.o] ==> ignore
    arg [/lib/../lib64/crti.o] ==> ignore
    arg [/opt/rh/devtoolset-11/root/usr/lib/gcc/x86_64-redhat-linux/11/crtbegin.o] ==> ignore
    arg [-L/opt/rh/devtoolset-11/root/usr/lib/gcc/x86_64-redhat-linux/11] ==> dir [/opt/rh/devtoolset-11/root/usr/lib/gcc/x86_64-redhat-linux/11]
    arg [-L/opt/rh/devtoolset-11/root/usr/lib/gcc/x86_64-redhat-linux/11/../../../../lib64] ==> dir [/opt/rh/devtoolset-11/root/usr/lib/gcc/x86_64-redhat-linux/11/../../../../lib64]
    arg [-L/lib/../lib64] ==> dir [/lib/../lib64]
    arg [-L/usr/lib/../lib64] ==> dir [/usr/lib/../lib64]
    arg [-L/opt/rh/devtoolset-11/root/usr/lib/gcc/x86_64-redhat-linux/11/../../..] ==> dir [/opt/rh/devtoolset-11/root/usr/lib/gcc/x86_64-redhat-linux/11/../../..]
    arg [CMakeFiles/cmTC_2ce1b.dir/CMakeCCompilerABI.c.o] ==> ignore
    arg [-lgcc] ==> lib [gcc]
    arg [--push-state] ==> ignore
    arg [--as-needed] ==> ignore
    arg [-lgcc_s] ==> lib [gcc_s]
    arg [--pop-state] ==> ignore
    arg [-lc] ==> lib [c]
    arg [-lgcc] ==> lib [gcc]
    arg [--push-state] ==> ignore
    arg [--as-needed] ==> ignore
    arg [-lgcc_s] ==> lib [gcc_s]
    arg [--pop-state] ==> ignore
    arg [/opt/rh/devtoolset-11/root/usr/lib/gcc/x86_64-redhat-linux/11/crtend.o] ==> ignore
    arg [/lib/../lib64/crtn.o] ==> ignore
  remove lib [gcc]
  remove lib [gcc_s]
  remove lib [gcc]
  remove lib [gcc_s]
  collapse library dir [/opt/rh/devtoolset-11/root/usr/lib/gcc/x86_64-redhat-linux/11] ==> [/opt/rh/devtoolset-11/root/usr/lib/gcc/x86_64-redhat-linux/11]
  collapse library dir [/opt/rh/devtoolset-11/root/usr/lib/gcc/x86_64-redhat-linux/11/../../../../lib64] ==> [/opt/rh/devtoolset-11/root/usr/lib64]
  collapse library dir [/lib/../lib64] ==> [/lib64]
  collapse library dir [/usr/lib/../lib64] ==> [/usr/lib64]
  collapse library dir [/opt/rh/devtoolset-11/root/usr/lib/gcc/x86_64-redhat-linux/11/../../..] ==> [/opt/rh/devtoolset-11/root/usr/lib]
  implicit libs: [c]
  implicit dirs: [/opt/rh/devtoolset-11/root/usr/lib/gcc/x86_64-redhat-linux/11;/opt/rh/devtoolset-11/root/usr/lib64;/lib64;/usr/lib64;/opt/rh/devtoolset-11/root/usr/lib]
  implicit fwks: []




Detecting C [-std=c11] compiler features compiled with the following output:
Change Dir: /home/sjw/mrpc/build/CMakeFiles/CMakeTmp

Run Build Command:"/opt/rh/devtoolset-11/root/usr/bin/gmake" "cmTC_f2b76/fast"
/opt/rh/devtoolset-11/root/usr/bin/gmake -f CMakeFiles/cmTC_f2b76.dir/build.make CMakeFiles/cmTC_f2b76.dir/build
gmake[1]: Entering directory '/home/sjw/mrpc/build/CMakeFiles/CMakeTmp'
Building C object CMakeFiles/cmTC_f2b76.dir/feature_tests.c.o
/opt/rh/devtoolset-11/root/usr/bin/cc    -std=c11 -o CMakeFiles/cmTC_f2b76.dir/feature_tests.c.o   -c /home/sjw/mrpc/build/CMakeFiles/feature_tests.c
Linking C executable cmTC_f2b76
/usr/local/bin/cmake -E cmake_link_script CMakeFiles/cmTC_f2b76.dir/link.txt --verbose=1
/opt/rh/devtoolset-11/root/usr/bin/cc       CMakeFiles/cmTC_f2b76.dir/feature_tests.c.o  -o cmTC_f2b76 -rdynamic 
gmake[1]: Leaving directory '/home/sjw/mrpc/build/CMakeFiles/CMakeTmp'


    Feature record: C_FEATURE:1c_function_prototypes
    Feature record: C_FEATURE:1c_restrict
    Feature record: C_FEATURE:1c_static_assert
    Feature record: C_FEATURE:1c_variadic_macros


Detecting C [-std=c99] compiler features compiled with the following output:
Change Dir: /home/sjw/mrpc/build/CMakeFiles/CMakeTmp

Run Build Command:"/opt/rh/devtoolset-11/root/usr/bin/gmake" "cmTC_2b5d9/fast"
/opt/rh/devtoolset-11/root/usr/bin/gmake -f CMakeFiles/cmTC_2b5d9.dir/build.make CMakeFiles/cmTC_2b5d9.dir/build
gmake[1]: Entering directory '/home/sjw/mrpc/build/CMakeFiles/CMakeTmp'
Building C object CMakeFiles/cmTC_2b5d9.dir/feature_tests.c.o
/opt/rh/devtoolset-11/root/usr/bin/cc    -std=c99 -o CMakeFiles/cmTC_2b5d9.dir/feature_tests.c.o   -c /home/sjw/mrpc/build/CMakeFiles/feature_tests.c
Linking C executable cmTC_2b5d9
/usr/local/bin/cmake -E cmake_link_script CMakeFiles/cmTC_2b5d9.dir/link.txt --verbose=1
/opt/rh/devtoolset-11/root/usr/bin/cc       CMakeFiles/cmTC_2b5d9.dir/feature_tests.c.o  -o cmTC_2b5d9 -rdynamic 
gmake[1]: Leaving directory '/home/sjw/mrpc/build/CMakeFiles/CMakeTmp'


    Feature record: C_FEATURE:1c_function_prototypes
    Feature record: C_FEATURE:1c_restrict
    Feature record: C_FEATURE:0c_static_assert
    Feature record: C_FEATURE:1c_variadic_macros


Detecting C [-std=c90] compiler features compiled with the following output:
Change Dir: /home/sjw/mrpc/build/CMakeFiles/CMakeTmp

Run Build Command:"/opt/rh/devtoolset-11/root/usr/bin/gmake" "cmTC_f7fda/fast"
/opt/rh/devtoolset-11/root/usr/bin/gmake -f CMakeFiles/cmTC_f7fda.dir/build.make CMakeFiles/cmTC_f7fda.dir/build
gmake[1]: Entering directory '/home/sjw/mrpc/build/CMakeFiles/CMakeTmp'
Building C object CMakeFiles/cmTC_f7fda.dir/feature_tests.c.o
/opt/rh/devtoolset-11/root/usr/bin/cc    -std=c90 -o CMakeFiles/cmTC_f7fda.dir/feature_tests.c.o   -c /home/sjw/mrpc/build/CMakeFiles/feature_tests.c
Linking C executable cmTC_f7fda
/usr/local/bin/cmake -E cmake_link_script CMakeFiles/cmTC_f7fda.dir/link.txt --verbose=1
/opt/rh/devtoolset-11/root/usr/bin/cc       CMakeFiles/cmTC_f7fda.dir/feature_tests.c.o  -o cmTC_f7fda -rdynamic 
gmake[1]: Leaving directory '/home/sjw/mrpc/build/CMakeFiles/CMakeTmp'


    Feature record: C_FEATURE:1c_function_prototypes
    Feature record: C_FEATURE:0c_restrict
    Feature record: C_FEATURE:0c_static_assert
    Feature record: C_FEATURE:0c_variadic_macros
Determining if the CXX compiler works passed with the following output:
Change Dir: /home/sjw/mrpc/build/CMakeFiles/CMakeTmp

Run Build Command:"/opt/rh/devtoolset-11/root/usr/bin/gmake" "cmTC_6b742/fast"
/opt/rh/devtoolset-11/root/usr/bin/gmake -f CMakeFiles/cmTC_6b742.dir/build.make CMakeFiles/cmTC_6b742.dir/build
gmake[1]: Entering directory '/home/sjw/mrpc/build/CMakeFiles/CMakeTmp'
Building CXX object CMakeFiles/cmTC_6b742.dir/testCXXCompiler.cxx.o
/opt/rh/devtoolset-11/root/usr/bin/c++      -o CMakeFiles/cmTC_6b742.dir/testCXXCompiler.cxx.o -c /home/sjw/mrpc/build/CMakeFiles/CMakeTmp/testCXXCompiler.cxx
Linking CXX executable cmTC_6b742
/usr/local/bin/cmake -E cmake_link_script CMakeFiles/cmTC_6b742.dir/link.txt --verbose=1
/opt/rh/devtoolset-11/root/usr/bin/c++        CMakeFiles/cmTC_6b742.dir/testCXXCompiler.cxx.o  -o cmTC_6b742 -rdynamic 
gmake[1]: Leaving directory '/home/sjw/mrpc/build/CMakeFiles/CMakeTmp'


Detecting CXX compiler ABI info compiled with the following output:
Change Dir: /home/sjw/mrpc/build/CMakeFiles/CMakeTmp

Run Build Command:"/opt/rh/devtoolset-11/root/usr/bin/gmake" "cmTC_fe1ed/fast"
/opt/rh/devtoolset-11/root/usr/bin/gmake -f CMakeFiles/cmTC_fe1ed.dir/build.make CMakeFiles/cmTC_fe1ed.dir/build
gmake[1]: Entering directory '/home/sjw/mrpc/build/CMakeFiles/CMakeTmp'
Building CXX object CMakeFiles/cmTC_fe1ed.dir/CMakeCXXCompilerABI.cpp.o
/opt/rh/devtoolset-11/root/usr/bin/c++      -o CMakeFiles/cmTC_fe1ed.dir/CMakeCXXCompilerABI.cpp.o -c /usr/local/share/cmake-3.6/Modules/CMakeCXXCompilerABI.cpp
Linking CXX executable cmTC_fe1ed
/usr/local/bin/cmake -E cmake_link_script CMakeFiles/cmTC_fe1ed.dir/link.txt --verbose=1
/opt/rh/devtoolset-11/root/usr/bin/c++       -v CMakeFiles/cmTC_fe1ed.dir/CMakeCXXCompilerABI.cpp.o  -o cmTC_fe1ed -rdynamic  
Using built-in specs.
COLLECT_GCC=/opt/rh/devtoolset-11/root/usr/bin/c++
COLLECT_LTO_WRAPPER=/opt/rh/devtoolset-11/root/usr/libexec/gcc/x86_64-redhat-linux/11/lto-wrapper
Target: x86_64-redhat-linux
Configured with: ../configure --enable-bootstrap --enable-languages=c,c++,fortran,lto --prefix=/opt/rh/devtoolset-11/root/usr --mandir=/opt/rh/devtoolset-11/root/usr/share/man --infodir=/opt/rh/devtoolset-11/root/usr/share/info --with-bugurl=http://bugzilla.redhat.com/bugzilla --enable-shared --enable-threads=posix --enable-checking=release --enable-multilib --with-system-zlib --enable-__cxa_atexit --disable-libunwind-exceptions --enable-gnu-unique-object --enable-linker-build-id --with-gcc-major-version-only --with-linker-hash-style=gnu --with-default-libstdcxx-abi=gcc4-compatible --enable-plugin --enable-initfini-array --with-isl=/builddir/build/BUILD/gcc-11.2.1-20220127/obj-x86_64-redhat-linux/isl-install --enable-gnu-indirect-function --with-tune=generic --with-arch_32=x86-64 --build=x86_64-redhat-linux
Thread model: posix
Supported LTO compression algorithms: zlib
gcc version 11.2.1 20220127 (Red Hat 11.2.1-9) (GCC) 
COMPILER_PATH=/opt/rh/devtoolset-11/root/usr/libexec/gcc/x86_64-redhat-linux/11/:/opt/rh/devtoolset-11/root/usr/libexec/gcc/x86_64-redhat-linux/11/:/opt/rh/devtoolset-11/root/usr/libexec/gcc/x86_64-redhat-linux/:/opt/rh/devtoolset-11/root/usr/lib/gcc/x86_64-redhat-linux/11/:/opt/rh/devtoolset-11/root/usr/lib/gcc/x86_64-redhat-linux/
LIBRARY_PATH=/opt/rh/devtoolset-11/root/usr/lib/gcc/x86_64-redhat-linux/11/:/opt/rh/devtoolset-11/root/usr/lib/gcc/x86_64-redhat-linux/11/../../../../lib64/:/lib/../lib64/:/usr/lib/../lib64/:/opt/rh/devtoolset-11/root/usr/lib/gcc/x86_64-redhat-linux/11/../../../:/lib/:/usr/lib/
COLLECT_GCC_OPTIONS='-v' '-o' 'cmTC_fe1ed' '-rdynamic' '-shared-libgcc' '-mtune=generic' '-march=x86-64' '-dumpdir' 'cmTC_fe1ed.'
 /opt/rh/devtoolset-11/root/usr/libexec/gcc/x86_64-redhat-linux/11/collect2 -plugin /opt/rh/devtoolset-11/root/usr/libexec/gcc/x86_64-redhat-linux/11/liblto_plugin.so -plugin-opt=/opt/rh/devtoolset-11/root/usr/libexec/gcc/x86_64-redhat-linux/11/lto-wrapper -plugin-opt=-fresolution=/tmp/cc35WoUe.res -plugin-opt=-pass-through=-lgcc_s -plugin-opt=-pass-through=-lgcc -plugin-opt=-pass-through=-lc -plugin-opt=-pass-through=-lgcc_s -plugin-opt=-pass-through=-lgcc --build-id --no-add-needed --eh-frame-hdr --hash-style=gnu -m elf_x86_64 -export-dynamic -dynamic-linker /lib64/ld-linux-x86-64.so.2 -o cmTC_fe1ed /lib/../lib64/crt1.o /lib/../lib64/crti.o /opt/rh/devtoolset-11/root/usr/lib/gcc/x86_64-redhat-linux/11/crtbegin.o -L/opt/rh/devtoolset-11/root/usr/lib/gcc/x86_64-redhat-linux/11 -L/opt/rh/devtoolset-11/root/usr/lib/gcc/x86_64-redhat-linux/11/../../../../lib64 -L/lib/../lib64 -L/usr/lib/../lib64 -L/opt/rh/devtoolset-11/root/usr/lib/gcc/x86_64-redhat-linux/11/../../.. CMakeFiles/cmTC_fe1ed.dir/CMakeCXXCompilerABI.cpp.o -lstdc++ -lm -lgcc_s -lgcc -lc -lgcc_s -lgcc /opt/rh/devtoolset-11/root/usr/lib/gcc/x86_64-redhat-linux/11/crtend.o /lib/../lib64/crtn.o
COLLECT_GCC_OPTIONS='-v' '-o' 'cmTC_fe1ed' '-rdynamic' '-shared-libgcc' '-mtune=generic' '-march=x86-64' '-dumpdir' 'cmTC_fe1ed.'
gmake[1]: Leaving directory '/home/sjw/mrpc/build/CMakeFiles/CMakeTmp'


Parsed CXX implicit link information from above output:
  link line regex: [^( *|.*[/\])(ld|([^/\]+-)?ld|collect2)[^/\]*( |$)]
  ignore line: [Change Dir: /home/sjw/mrpc/build/CMakeFiles/CMakeTmp]
  ignore line: []
  ignore line: [Run Build Command:"/opt/rh/devtoolset-11/root/usr/bin/gmake" "cmTC_fe1ed/fast"]
  ignore line: [/opt/rh/devtoolset-11/root/usr/bin/gmake -f CMakeFiles/cmTC_fe1ed.dir/build.make CMakeFiles/cmTC_fe1ed.dir/build]
  ignore line: [gmake[1]: Entering directory '/home/sjw/mrpc/build/CMakeFiles/CMakeTmp']
  ignore line: [Building CXX object CMakeFiles/cmTC_fe1ed.dir/CMakeCXXCompilerABI.cpp.o]
  ignore line: [/opt/rh/devtoolset-11/root/usr/bin/c++      -o CMakeFiles/cmTC_fe1ed.dir/CMakeCXXCompilerABI.cpp.o -c /usr/local/share/cmake-3.6/Modules/CMakeCXXCompilerABI.cpp]
  ignore line: [Linking CXX executable cmTC_fe1ed]
  ignore line: [/usr/local/bin/cmake -E cmake_link_script CMakeFiles/cmTC_fe1ed.dir/link.txt --verbose=1]
  ignore line: [/opt/rh/devtoolset-11/root/usr/bin/c++       -v CMakeFiles/cmTC_fe1ed.dir/CMakeCXXCompilerABI.cpp.o  -o cmTC_fe1ed -rdynamic  ]
  ignore line: [Using built-in specs.]
  ignore line: [COLLECT_GCC=/opt/rh/devtoolset-11/root/usr/bin/c++]
  ignore line: [COLLECT_LTO_WRAPPER=/opt/rh/devtoolset-11/root/usr/libexec/gcc/x86_64-redhat-linux/11/lto-wrapper]
  ignore line: [Target: x86_64-redhat-linux]
  ignore line: [Configured with: ../configure --enable-bootstrap --enable-languages=c,c++,fortran,lto --prefix=/opt/rh/devtoolset-11/root/usr --mandir=/opt/rh/devtoolset-11/root/usr/share/man --infodir=/opt/rh/devtoolset-11/root/usr/share/info --with-bugurl=http://bugzilla.redhat.com/bugzilla --enable-shared --enable-threads=posix --enable-checking=release --enable-multilib --with-system-zlib --enable-__cxa_atexit --disable-libunwind-exceptions --enable-gnu-unique-object --enable-linker-build-id --with-gcc-major-version-only --with-linker-hash-style=gnu --with-default-libstdcxx-abi=gcc4-compatible --enable-plugin --enable-initfini-array --with-isl=/builddir/build/BUILD/gcc-11.2.1-20220127/obj-x86_64-redhat-linux/isl-install --enable-gnu-indirect-function --with-tune=generic --with-arch_32=x86-64 --build=x86_64-redhat-linux]
  ignore line: [Thread model: posix]
  ignore line: [Supported LTO compression algorithms: zlib]
  ignore line: [gcc version 11.2.1 20220127 (Red Hat 11.2.1-9) (GCC) ]
  ignore line: [COMPILER_PATH=/opt/rh/devtoolset-11/root/usr/libexec/gcc/x86_64-redhat-linux/11/:/opt/rh/devtoolset-11/root/usr/libexec/gcc/x86_64-redhat-linux/11/:/opt/rh/devtoolset-11/root/usr/libexec/gcc/x86_64-redhat-linux/:/opt/rh/devtoolset-11/root/usr/lib/gcc/x86_64-redhat-linux/11/:/opt/rh/devtoolset-11/root/usr/lib/gcc/x86_64-redhat-linux/]
  ignore line: [LIBRARY_PATH=/opt/rh/devtoolset-11/root/usr/lib/gcc/x86_64-redhat-linux/11/:/opt/rh/devtoolset-11/root/usr/lib/gcc/x86_64-redhat-linux/11/../../../../lib64/:/lib/../lib64/:/usr/lib/../lib64/:/opt/rh/devtoolset-11/root/usr/lib/gcc/x86_64-redhat-linux/11/../../../:/lib/:/usr/lib/]
  ignore line: [COLLECT_GCC_OPTIONS='-v' '-o' 'cmTC_fe1ed' '-rdynamic' '-shared-libgcc' '-mtune=generic' '-march=x86-64' '-dumpdir' 'cmTC_fe1ed.']
  link line: [ /opt/rh/devtoolset-11/root/usr/libexec/gcc/x86_64-redhat-linux/11/collect2 -plugin /opt/rh/devtoolset-11/root/usr/libexec/gcc/x86_64-redhat-linux/11/liblto_plugin.so -plugin-opt=/opt/rh/devtoolset-11/root/usr/libexec/gcc/x86_64-redhat-linux/11/lto-wrapper -plugin-opt=-fresolution=/tmp/cc35WoUe.res -plugin-opt=-pass-through=-lgcc_s -plugin-opt=-pass-through=-lgcc -plugin-opt=-pass-through=-lc -plugin-opt=-pass-through=-lgcc_s -plugin-opt=-pass-through=-lgcc --build-id --no-add-needed --eh-frame-hdr --hash-style=gnu -m elf_x86_64 -export-dynamic -dynamic-linker /lib64/ld-linux-x86-64.so.2 -o cmTC_fe1ed /lib/../lib64/crt1.o /lib/../lib64/crti.o /opt/rh/devtoolset-11/root/usr/lib/gcc/x86_64-redhat-linux/11/crtbegin.o -L/opt/rh/devtoolset-11/root/usr/lib/gcc/x86_64-redhat-linux/11 -L/opt/rh/devtoolset-11/root/usr/lib/gcc/x86_64-redhat-linux/11/../../../../lib64 -L/lib/../lib64 -L/usr/lib/../lib64 -L/opt/rh/devtoolset-11/root/usr/lib/gcc/x86_64-redhat-linux/11/../../.. CMakeFiles/cmTC_fe1ed.dir/CMakeCXXCompilerABI.cpp.o -lstdc++ -lm -lgcc_s -lgcc -lc -lgcc_s -lgcc /opt/rh/devtoolset-11/root/usr/lib/gcc/x86_64-redhat-linux/11/crtend.o /lib/../lib64/crtn.o]
    arg [/opt/rh/devtoolset-11/root/usr/libexec/gcc/x86_64-redhat-linux/11/collect2] ==> ignore
    arg [-plugin] ==> ignore
    arg [/opt/rh/devtoolset-11/root/usr/libexec/gcc/x86_64-redhat-linux/11/liblto_plugin.so] ==> ignore
    arg [-plugin-opt=/opt/rh/devtoolset-11/root/usr/libexec/gcc/x86_64-redhat-linux/11/lto-wrapper] ==> ignore
    arg [-plugin-opt=-fresolution=/tmp/cc35WoUe.res] ==> ignore
    arg [-plugin-opt=-pass-through=-lgcc_s] ==> ignore
    arg [-plugin-opt=-pass-through=-lgcc] ==> ignore
    arg [-plugin-opt=-pass-through=-lc] ==> ignore
    arg [-plugin-opt=-pass-through=-lgcc_s] ==> ignore
    arg [-plugin-opt=-pass-through=-lgcc] ==> ignore
    arg [--build-id] ==> ignore
    arg [--no-add-needed] ==> ignore
    arg [--eh-frame-hdr] ==> ignore
    arg [--hash-style=gnu] ==> ignore
    arg [-m] ==> ignore
    arg [elf_x86_64] ==> ignore
    arg [-export-dynamic] ==> ignore
    arg [-dynamic-linker] ==> ignore
    arg [/lib64/ld-linux-x86-64.so.2] ==> ignore
    arg [-o] ==> ignore
    arg [cmTC_fe1ed] ==> ignore
    arg [/lib/../lib64/crt1.o] ==> ignore
    arg [/lib/../lib64/crti.o] ==> ignore
    arg [/opt/rh/devtoolset-11/root/usr/lib/gcc/x86_64-redhat-linux/11/crtbegin.o] ==> ignore
    arg [-L/opt/rh/devtoolset-11/root/usr/lib/gcc/x86_64-redhat-linux/11] ==> dir [/opt/rh/devtoolset-11/root/usr/lib/gcc/x86_64-redhat-linux/11]
    arg [-L/opt/rh/devtoolset-11/root/usr/lib/gcc/x86_64-redhat-linux/11/../../../../lib64] ==> dir [/opt/rh/devtoolset-11/root/usr/lib/gcc/x86_64-redhat-linux/11/../../../../lib64]
    arg [-L/lib/../lib64] ==> dir [/lib/../lib64]
    arg [-L/usr/lib/../lib64] ==> dir [/usr/lib/../lib64]
    arg [-L/opt/rh/devtoolset-11/root/usr/lib/gcc/x86_64-redhat-linux/11/../../..] ==> dir [/opt/rh/devtoolset-11/root/usr/lib/gcc/x86_64-redhat-linux/11/../../..]
    arg [CMakeFiles/cmTC_fe1ed.dir/CMakeCXXCompilerABI.cpp.o] ==> ignore
    arg [-lstdc++] ==> lib [stdc++]
    arg [-lm] ==> lib [m]
    arg [-lgcc_s] ==> lib [gcc_s]
    arg [-lgcc] ==> lib [gcc]
    arg [-lc] ==> lib [c]
    arg [-lgcc_s] ==> lib [gcc_s]
    arg [-lgcc] ==> lib [gcc]
    arg [/opt/rh/devtoolset-11/root/usr/lib/gcc/x86_64-redhat-linux/11/crtend.o] ==> ignore
    arg [/lib/../lib64/crtn.o] ==> ignore
  remove lib [gcc_s]
  remove lib [gcc]
  remove lib [gcc_s]
  remove lib [gcc]
  collapse library dir [/opt/rh/devtoolset-11/root/usr/lib/gcc/x86_64-redhat-linux/11] ==> [/opt/rh/devtoolset-11/root/usr/lib/gcc/x86_64-redhat-linux/11]
  collapse library dir [/opt/rh/devtoolset-11/root/usr/lib/gcc/x86_64-redhat-linux/11/../../../../lib64] ==> [/opt/rh/devtoolset-11/root/usr/lib64]
  collapse library dir [/lib/../lib64] ==> [/lib64]
  collapse library dir [/usr/lib/../lib64] ==> [/usr/lib64]
  collapse library dir [/opt/rh/devtoolset-11/root/usr/lib/gcc/x86_64-redhat-linux/11/../../..] ==> [/opt/rh/devtoolset-11/root/usr/lib]
  implicit libs: [stdc++;m;c]
  implicit dirs: [/opt/rh/devtoolset-11/root/usr/lib/gcc/x86_64-redhat-linux/11;/opt/rh/devtoolset-11/root/usr/lib64;/lib64;/usr/lib64;/opt/rh/devtoolset-11/root/usr/lib]
  implicit fwks: []




Detecting CXX [-std=c++14] compiler features compiled with the following output:
Change Dir: /home/sjw/mrpc/build/CMakeFiles/CMakeTmp

Run Build Command:"/opt/rh/devtoolset-11/root/usr/bin/gmake" "cmTC_34a20/fast"
/opt/rh/devtoolset-11/root/usr/bin/gmake -f CMakeFiles/cmTC_34a20.dir/build.make CMakeFiles/cmTC_34a20.dir/build
gmake[1]: Entering directory '/home/sjw/mrpc/build/CMakeFiles/CMakeTmp'
Building CXX object CMakeFiles/cmTC_34a20.dir/feature_tests.cxx.o
/opt/rh/devtoolset-11/root/usr/bin/c++     -std=c++14 -o CMakeFiles/cmTC_34a20.dir/feature_tests.cxx.o -c /home/sjw/mrpc/build/CMakeFiles/feature_tests.cxx
Linking CXX executable cmTC_34a20
/usr/local/bin/cmake -E cmake_link_script CMakeFiles/cmTC_34a20.dir/link.txt --verbose=1
/opt/rh/devtoolset-11/root/usr/bin/c++        CMakeFiles/cmTC_34a20.dir/feature_tests.cxx.o  -o cmTC_34a20 -rdynamic 
gmake[1]: Leaving directory '/home/sjw/mrpc/build/CMakeFiles/CMakeTmp'


    Feature record: CXX_FEATURE:1cxx_aggregate_default_initializers
    Feature record: CXX_FEATURE:1cxx_alias_templates
    Feature record: CXX_FEATURE:1cxx_alignas
    Feature record: CXX_FEATURE:1cxx_alignof
    Feature record: CXX_FEATURE:1cxx_attributes
    Feature record: CXX_FEATURE:1cxx_attribute_deprecated
    Feature record: CXX_FEATURE:1cxx_auto_type
    Feature record: CXX_FEATURE:1cxx_binary_literals
    Feature record: CXX_FEATURE:1cxx_constexpr
    Feature record: CXX_FEATURE:1cxx_contextual_conversions
    Feature record: CXX_FEATURE:1cxx_decltype
    Feature record: CXX_FEATURE:1cxx_decltype_auto
    Feature record: CXX_FEATURE:1cxx_decltype_incomplete_return_types
    Feature record: CXX_FEATURE:1cxx_default_function_template_args
    Feature record: CXX_FEATURE:1cxx_defaulted_functions
    Feature record: CXX_FEATURE:1cxx_defaulted_move_initializers
    Feature record: CXX_FEATURE:1cxx_delegating_constructors
    Feature record: CXX_FEATURE:1cxx_deleted_functions
    Feature record: CXX_FEATURE:1cxx_digit_separators
    Feature record: CXX_FEATURE:1cxx_enum_forward_declarations
    Feature record: CXX_FEATURE:1cxx_explicit_conversions
    Feature record: CXX_FEATURE:1cxx_extended_friend_declarations
    Feature record: CXX_FEATURE:1cxx_extern_templates
    Feature record: CXX_FEATURE:1cxx_final
    Feature record: CXX_FEATURE:1cxx_func_identifier
    Feature record: CXX_FEATURE:1cxx_generalized_initializers
    Feature record: CXX_FEATURE:1cxx_generic_lambdas
    Feature record: CXX_FEATURE:1cxx_inheriting_constructors
    Feature record: CXX_FEATURE:1cxx_inline_namespaces
    Feature record: CXX_FEATURE:1cxx_lambdas
    Feature record: CXX_FEATURE:1cxx_lambda_init_captures
    Feature record: CXX_FEATURE:1cxx_local_type_template_args
    Feature record: CXX_FEATURE:1cxx_long_long_type
    Feature record: CXX_FEATURE:1cxx_noexcept
    Feature record: CXX_FEATURE:1cxx_nonstatic_member_init
    Feature record: CXX_FEATURE:1cxx_nullptr
    Feature record: CXX_FEATURE:1cxx_override
    Feature record: CXX_FEATURE:1cxx_range_for
    Feature record: CXX_FEATURE:1cxx_raw_string_literals
    Feature record: CXX_FEATURE:1cxx_reference_qualified_functions
    Feature record: CXX_FEATURE:1cxx_relaxed_constexpr
    Feature record: CXX_FEATURE:1cxx_return_type_deduction
    Feature record: CXX_FEATURE:1cxx_right_angle_brackets
    Feature record: CXX_FEATURE:1cxx_rvalue_references
    Feature record: CXX_FEATURE:1cxx_sizeof_member
    Feature record: CXX_FEATURE:1cxx_static_assert
    Feature record: CXX_FEATURE:1cxx_strong_enums
    Feature record: CXX_FEATURE:1cxx_template_template_parameters
    Feature record: CXX_FEATURE:1cxx_thread_local
    Feature record: CXX_FEATURE:1cxx_trailing_return_types
    Feature record: CXX_FEATURE:1cxx_unicode_literals
    Feature record: CXX_FEATURE:1cxx_uniform_initialization
    Feature record: CXX_FEATURE:1cxx_unrestricted_unions
    Feature record: CXX_FEATURE:1cxx_user_literals
    Feature record: CXX_FEATURE:1cxx_variable_templates
    Feature record: CXX_FEATURE:1cxx_variadic_macros
    Feature record: CXX_FEATURE:1cxx_variadic_templates


Detecting CXX [-std=c++11] compiler features compiled with the following output:
Change Dir: /home/sjw/mrpc/build/CMakeFiles/CMakeTmp

Run Build Command:"/opt/rh/devtoolset-11/root/usr/bin/gmake" "cmTC_c358d/fast"
/opt/rh/devtoolset-11/root/usr/bin/gmake -f CMakeFiles/cmTC_c358d.dir/build.make CMakeFiles/cmTC_c358d.dir/build
gmake[1]: Entering directory '/home/sjw/mrpc/build/CMakeFiles/CMakeTmp'
Building CXX object CMakeFiles/cmTC_c358d.dir/feature_tests.cxx.o
/opt/rh/devtoolset-11/root/usr/bin/c++     -std=c++11 -o CMakeFiles/cmTC_c358d.dir/feature_tests.cxx.o -c /home/sjw/mrpc/build/CMakeFiles/feature_tests.cxx
Linking CXX executable cmTC_c358d
/usr/local/bin/cmake -E cmake_link_script CMakeFiles/cmTC_c358d.dir/link.txt --verbose=1
/opt/rh/devtoolset-11/root/usr/bin/c++        CMakeFiles/cmTC_c358d.dir/feature_tests.cxx.o  -o cmTC_c358d -rdynamic 
gmake[1]: Leaving directory '/home/sjw/mrpc/build/CMakeFiles/CMakeTmp'


    Feature record: CXX_FEATURE:0cxx_aggregate_default_initializers
    Feature record: CXX_FEATURE:1cxx_alias_templates
    Feature record: CXX_FEATURE:1cxx_alignas
    Feature record: CXX_FEATURE:1cxx_alignof
    Feature record: CXX_FEATURE:1cxx_attributes
    Feature record: CXX_FEATURE:0cxx_attribute_deprecated
    Feature record: CXX_FEATURE:1cxx_auto_type
    Feature record: CXX_FEATURE:0cxx_binary_literals
    Feature record: CXX_FEATURE:1cxx_constexpr
    Feature record: CXX_FEATURE:0cxx_contextual_conversions
    Feature record: CXX_FEATURE:1cxx_decltype
    Feature record: CXX_FEATURE:0cxx_decltype_auto
    Feature record: CXX_FEATURE:1cxx_decltype_incomplete_return_types
    Feature record: CXX_FEATURE:1cxx_default_function_template_args
    Feature record: CXX_FEATURE:1cxx_defaulted_functions
    Feature record: CXX_FEATURE:1cxx_defaulted_move_initializers
    Feature record: CXX_FEATURE:1cxx_delegating_constructors
    Feature record: CXX_FEATURE:1cxx_deleted_functions
    Feature record: CXX_FEATURE:0cxx_digit_separators
    Feature record: CXX_FEATURE:1cxx_enum_forward_declarations
    Feature record: CXX_FEATURE:1cxx_explicit_conversions
    Feature record: CXX_FEATURE:1cxx_extended_friend_declarations
    Feature record: CXX_FEATURE:1cxx_extern_templates
    Feature record: CXX_FEATURE:1cxx_final
    Feature record: CXX_FEATURE:1cxx_func_identifier
    Feature record: CXX_FEATURE:1cxx_generalized_initializers
    Feature record: CXX_FEATURE:0cxx_generic_lambdas
    Feature record: CXX_FEATURE:1cxx_inheriting_constructors
    Feature record: CXX_FEATURE:1cxx_inline_namespaces
    Feature record: CXX_FEATURE:1cxx_lambdas
    Feature record: CXX_FEATURE:0cxx_lambda_init_captures
    Feature record: CXX_FEATURE:1cxx_local_type_template_args
    Feature record: CXX_FEATURE:1cxx_long_long_type
    Feature record: CXX_FEATURE:1cxx_noexcept
    Feature record: CXX_FEATURE:1cxx_nonstatic_member_init
    Feature record: CXX_FEATURE:1cxx_nullptr
    Feature record: CXX_FEATURE:1cxx_override
    Feature record: CXX_FEATURE:1cxx_range_for
    Feature record: CXX_FEATURE:1cxx_raw_string_literals
    Feature record: CXX_FEATURE:1cxx_reference_qualified_functions
    Feature record: CXX_FEATURE:0cxx_relaxed_constexpr
    Feature record: CXX_FEATURE:0cxx_return_type_deduction
    Feature record: CXX_FEATURE:1cxx_right_angle_brackets
    Feature record: CXX_FEATURE:1cxx_rvalue_references
    Feature record: CXX_FEATURE:1cxx_sizeof_member
    Feature record: CXX_FEATURE:1cxx_static_assert
    Feature record: CXX_FEATURE:1cxx_strong_enums
    Feature record: CXX_FEATURE:1cxx_template_template_parameters
    Feature record: CXX_FEATURE:1cxx_thread_local
    Feature record: CXX_FEATURE:1cxx_trailing_return_types
    Feature record: CXX_FEATURE:1cxx_unicode_literals
    Feature record: CXX_FEATURE:1cxx_uniform_initialization
    Feature record: CXX_FEATURE:1cxx_unrestricted_unions
    Feature record: CXX_FEATURE:1cxx_user_literals
    Feature record: CXX_FEATURE:0cxx_variable_templates
    Feature record: CXX_FEATURE:1cxx_variadic_macros
    Feature record: CXX_FEATURE:1cxx_variadic_templates


Detecting CXX [-std=c++98] compiler features compiled with the following output:
Change Dir: /home/sjw/mrpc/build/CMakeFiles/CMakeTmp

Run Build Command:"/opt/rh/devtoolset-11/root/usr/bin/gmake" "cmTC_dd3f7/fast"
/opt/rh/devtoolset-11/root/usr/bin/gmake -f CMakeFiles/cmTC_dd3f7.dir/build.make CMakeFiles/cmTC_dd3f7.dir/build
gmake[1]: Entering directory '/home/sjw/mrpc/build/CMakeFiles/CMakeTmp'
Building CXX object CMakeFiles/cmTC_dd3f7.dir/feature_tests.cxx.o
/opt/rh/devtoolset-11/root/usr/bin/c++     -std=c++98 -o CMakeFiles/cmTC_dd3f7.dir/feature_tests.cxx.o -c /home/sjw/mrpc/build/CMakeFiles/feature_tests.cxx
Linking CXX executable cmTC_dd3f7
/usr/local/bin/cmake -E cmake_link_script CMakeFiles/cmTC_dd3f7.dir/link.txt --verbose=1
/opt/rh/devtoolset-11/root/usr/bin/c++        CMakeFiles/cmTC_dd3f7.dir/feature_tests.cxx.o  -o cmTC_dd3f7 -rdynamic 
gmake[1]: Leaving directory '/home/sjw/mrpc/build/CMakeFiles/CMakeTmp'


    Feature record: CXX_FEATURE:0cxx_aggregate_default_initializers
    Feature record: CXX_FEATURE:0cxx_alias_templates
    Feature record: CXX_FEATURE:0cxx_alignas
    Feature record: CXX_FEATURE:0cxx_alignof
    Feature record: CXX_FEATURE:0cxx_attributes
    Feature record: CXX_FEATURE:0cxx_attribute_deprecated
    Feature record: CXX_FEATURE:0cxx_auto_type
    Feature record: CXX_FEATURE:0cxx_binary_literals
    Feature record: CXX_FEATURE:0cxx_constexpr
    Feature record: CXX_FEATURE:0cxx_contextual_conversions
    Feature record: CXX_FEATURE:0cxx_decltype
    Feature record: CXX_FEATURE:0cxx_decltype_auto
    Feature record: CXX_FEATURE:0cxx_decltype_incomplete_return_types
    Feature record: CXX_FEATURE:0cxx_default_function_template_args
    Feature record: CXX_FEATURE:0cxx_defaulted_functions
    Feature record: CXX_FEATURE:0cxx_defaulted_move_initializers
    Feature record: CXX_FEATURE:0cxx_delegating_constructors
    Feature record: CXX_FEATURE:0cxx_deleted_functions
    Feature record: CXX_FEATURE:0cxx_digit_separators
    Feature record: CXX_FEATURE:0cxx_enum_forward_declarations
    Feature record: CXX_FEATURE:0cxx_explicit_conversions
    Feature record: CXX_FEATURE:0cxx_extended_friend_declarations
    Feature record: CXX_FEATURE:0cxx_extern_templates
    Feature record: CXX_FEATURE:0cxx_final
    Feature record: CXX_FEATURE:0cxx_func_identifier
    Feature record: CXX_FEATURE:0cxx_generalized_initializers
    Feature record: CXX_FEATURE:0cxx_generic_lambdas
    Feature record: CXX_FEATURE:0cxx_inheriting_constructors
    Feature record: CXX_FEATURE:0cxx_inline_namespaces
    Feature record: CXX_FEATURE:0cxx_lambdas
    Feature record: CXX_FEATURE:0cxx_lambda_init_captures
    Feature record: CXX_FEATURE:0cxx_local_type_template_args
    Feature record: CXX_FEATURE:0cxx_long_long_type
    Feature record: CXX_FEATURE:0cxx_noexcept
    Feature record: CXX_FEATURE:0cxx_nonstatic_member_init
    Feature record: CXX_FEATURE:0cxx_nullptr
    Feature record: CXX_FEATURE:0cxx_override
    Feature record: CXX_FEATURE:0cxx_range_for
    Feature record: CXX_FEATURE:0cxx_raw_string_literals
    Feature record: CXX_FEATURE:0cxx_reference_qualified_functions
    Feature record: CXX_FEATURE:0cxx_relaxed_constexpr
    Feature record: CXX_FEATURE:0cxx_return_type_deduction
    Feature record: CXX_FEATURE:0cxx_right_angle_brackets
    Feature record: CXX_FEATURE:0cxx_rvalue_references
    Feature record: CXX_FEATURE:0cxx_sizeof_member
    Feature record: CXX_FEATURE:0cxx_static_assert
    Feature record: CXX_FEATURE:0cxx_strong_enums
    Feature record: CXX_FEATURE:1cxx_template_template_parameters
    Feature record: CXX_FEATURE:0cxx_thread_local
    Feature record: CXX_FEATURE:0cxx_trailing_return_types
    Feature record: CXX_FEATURE:0cxx_unicode_literals
    Feature record: CXX_FEATURE:0cxx_uniform_initialization
    Feature record: CXX_FEATURE:0cxx_unrestricted_unions
    Feature record: CXX_FEATURE:0cxx_user_literals
    Feature record: CXX_FEATURE:0cxx_variable_templates
    Feature record: CXX_FEATURE:0cxx_variadic_macros
    Feature record: CXX_FEATURE:0cxx_variadic_templates
